[0816/092103.618:ERROR:settings.cc(320)] Settings magic is not 1129342067
[0826/084625.847:ERROR:settings.cc(320)] Settings magic is not 1129342067
[0913/090520.420:ERROR:settings.cc(320)] Settings magic is not 1129342067
[0914/085042.562:ERROR:settings.cc(320)] Settings magic is not 1129342067
[0923/085243.596:ERROR:settings.cc(320)] Settings magic is not 1129342067
[1004/085126.790:ERROR:settings.cc(320)] Settings magic is not 1129342067
[1015/091433.366:ERROR:directory_reader_win.cc(43)] FindFirstFile: Le chemin d’accès spécifié est introuvable. (0x3)
[1018/085114.945:ERROR:directory_reader_win.cc(43)] FindFirstFile: Le chemin d’accès spécifié est introuvable. (0x3)
[1019/102122.249:ERROR:directory_reader_win.cc(43)] FindFirstFile: Le chemin d’accès spécifié est introuvable. (0x3)
[1020/094440.998:ERROR:directory_reader_win.cc(43)] FindFirstFile: Le chemin d’accès spécifié est introuvable. (0x3)
[1020/101247.265:ERROR:directory_reader_win.cc(43)] FindFirstFile: Le chemin d’accès spécifié est introuvable. (0x3)
[1021/090058.015:ERROR:directory_reader_win.cc(43)] FindFirstFile: Le chemin d’accès spécifié est introuvable. (0x3)
[1021/143909.228:ERROR:directory_reader_win.cc(43)] FindFirstFile: Le chemin d’accès spécifié est introuvable. (0x3)
[1022/085956.892:ERROR:directory_reader_win.cc(43)] FindFirstFile: Le chemin d’accès spécifié est introuvable. (0x3)
[1027/092116.560:ERROR:directory_reader_win.cc(43)] FindFirstFile: Le chemin d’accès spécifié est introuvable. (0x3)
[1027/144143.267:ERROR:directory_reader_win.cc(43)] FindFirstFile: Le chemin d’accès spécifié est introuvable. (0x3)
[1027/151602.816:ERROR:directory_reader_win.cc(43)] FindFirstFile: Le chemin d’accès spécifié est introuvable. (0x3)
[1028/094504.681:ERROR:settings.cc(320)] Settings magic is not 1129342067
[1028/095505.268:ERROR:directory_reader_win.cc(43)] FindFirstFile: Le chemin d’accès spécifié est introuvable. (0x3)
[1104/090911.809:ERROR:directory_reader_win.cc(43)] FindFirstFile: Le chemin d’accès spécifié est introuvable. (0x3)
[1108/091636.876:ERROR:directory_reader_win.cc(43)] FindFirstFile: Le chemin d’accès spécifié est introuvable. (0x3)
[1109/091614.477:ERROR:directory_reader_win.cc(43)] FindFirstFile: Le chemin d’accès spécifié est introuvable. (0x3)
[1110/090408.998:ERROR:directory_reader_win.cc(43)] FindFirstFile: Le chemin d’accès spécifié est introuvable. (0x3)
[1110/113208.838:ERROR:directory_reader_win.cc(43)] FindFirstFile: Le chemin d’accès spécifié est introuvable. (0x3)
[1111/090832.832:ERROR:settings.cc(320)] Settings magic is not 1129342067
[1111/091832.875:ERROR:directory_reader_win.cc(43)] FindFirstFile: Le chemin d’accès spécifié est introuvable. (0x3)
[1111/115426.701:ERROR:directory_reader_win.cc(43)] FindFirstFile: Le chemin d’accès spécifié est introuvable. (0x3)
[1115/085744.837:ERROR:directory_reader_win.cc(43)] FindFirstFile: Le chemin d’accès spécifié est introuvable. (0x3)
[1116/140230.738:ERROR:directory_reader_win.cc(43)] FindFirstFile: Le chemin d’accès spécifié est introuvable. (0x3)
[1119/092216.403:ERROR:directory_reader_win.cc(43)] FindFirstFile: Le chemin d’accès spécifié est introuvable. (0x3)
[1119/155940.033:ERROR:directory_reader_win.cc(43)] FindFirstFile: Le chemin d’accès spécifié est introuvable. (0x3)
[1122/085706.197:ERROR:directory_reader_win.cc(43)] FindFirstFile: Le chemin d’accès spécifié est introuvable. (0x3)
[1124/101915.078:ERROR:directory_reader_win.cc(43)] FindFirstFile: Le chemin d’accès spécifié est introuvable. (0x3)
[1125/082203.730:ERROR:directory_reader_win.cc(43)] FindFirstFile: Le chemin d’accès spécifié est introuvable. (0x3)
[1125/135321.914:ERROR:directory_reader_win.cc(43)] FindFirstFile: Le chemin d’accès spécifié est introuvable. (0x3)
[1126/084343.739:ERROR:directory_reader_win.cc(43)] FindFirstFile: Le chemin d’accès spécifié est introuvable. (0x3)
[1129/091932.719:ERROR:directory_reader_win.cc(43)] FindFirstFile: Le chemin d’accès spécifié est introuvable. (0x3)
[1129/110625.154:ERROR:directory_reader_win.cc(43)] FindFirstFile: Le chemin d’accès spécifié est introuvable. (0x3)
[1129/141733.126:ERROR:directory_reader_win.cc(43)] FindFirstFile: Le chemin d’accès spécifié est introuvable. (0x3)
[1130/085501.524:ERROR:directory_reader_win.cc(43)] FindFirstFile: Le chemin d’accès spécifié est introuvable. (0x3)
[1201/083818.561:ERROR:settings.cc(320)] Settings magic is not 1129342067
[1201/084818.631:ERROR:directory_reader_win.cc(43)] FindFirstFile: Le chemin d’accès spécifié est introuvable. (0x3)
[1202/092402.730:ERROR:directory_reader_win.cc(43)] FindFirstFile: Le chemin d’accès spécifié est introuvable. (0x3)
[1203/091253.402:ERROR:directory_reader_win.cc(43)] FindFirstFile: Le chemin d’accès spécifié est introuvable. (0x3)
[1206/105021.965:ERROR:directory_reader_win.cc(43)] FindFirstFile: Le chemin d’accès spécifié est introuvable. (0x3)
[1207/082923.628:ERROR:persistent_memory_allocator.cc(843)] Corruption detected in shared-memory segment.
[1207/083923.601:ERROR:directory_reader_win.cc(43)] FindFirstFile: Le chemin d’accès spécifié est introuvable. (0x3)
[1207/140818.347:ERROR:directory_reader_win.cc(43)] FindFirstFile: Le chemin d’accès spécifié est introuvable. (0x3)
[1208/091611.095:ERROR:directory_reader_win.cc(43)] FindFirstFile: Le chemin d’accès spécifié est introuvable. (0x3)
[1209/083439.813:ERROR:settings.cc(320)] Settings magic is not 1129342067
[1209/085536.977:ERROR:directory_reader_win.cc(43)] FindFirstFile: Le chemin d’accès spécifié est introuvable. (0x3)
[1209/121208.350:ERROR:directory_reader_win.cc(43)] FindFirstFile: Le chemin d’accès spécifié est introuvable. (0x3)
[1210/090623.511:ERROR:directory_reader_win.cc(43)] FindFirstFile: Le chemin d’accès spécifié est introuvable. (0x3)
[1212/090445.647:ERROR:directory_reader_win.cc(43)] FindFirstFile: Le chemin d’accès spécifié est introuvable. (0x3)
[1214/091612.892:ERROR:directory_reader_win.cc(43)] FindFirstFile: Le chemin d’accès spécifié est introuvable. (0x3)
[1215/094951.257:ERROR:directory_reader_win.cc(43)] FindFirstFile: Le chemin d’accès spécifié est introuvable. (0x3)
[1216/085529.546:ERROR:directory_reader_win.cc(43)] FindFirstFile: Le chemin d’accès spécifié est introuvable. (0x3)
[1217/094738.235:ERROR:directory_reader_win.cc(43)] FindFirstFile: Le chemin d’accès spécifié est introuvable. (0x3)
[1219/093929.466:ERROR:directory_reader_win.cc(43)] FindFirstFile: Le chemin d’accès spécifié est introuvable. (0x3)
[1220/100037.009:ERROR:directory_reader_win.cc(43)] FindFirstFile: Le chemin d’accès spécifié est introuvable. (0x3)
[1222/090034.473:ERROR:directory_reader_win.cc(43)] FindFirstFile: Le chemin d’accès spécifié est introuvable. (0x3)
[0105/125841.167:ERROR:directory_reader_win.cc(43)] FindFirstFile: Le chemin d’accès spécifié est introuvable. (0x3)
[0106/104221.968:ERROR:directory_reader_win.cc(43)] FindFirstFile: Le chemin d’accès spécifié est introuvable. (0x3)
[0107/114510.416:ERROR:directory_reader_win.cc(43)] FindFirstFile: Le chemin d’accès spécifié est introuvable. (0x3)
[1210/092440.549:ERROR:directory_reader_win.cc(43)] FindFirstFile: Le chemin d’accès spécifié est introuvable. (0x3)
[0111/092919.860:ERROR:directory_reader_win.cc(43)] FindFirstFile: Le chemin d’accès spécifié est introuvable. (0x3)
[0113/084210.355:ERROR:directory_reader_win.cc(43)] FindFirstFile: Le chemin d’accès spécifié est introuvable. (0x3)
[0114/093313.977:ERROR:directory_reader_win.cc(43)] FindFirstFile: Le chemin d’accès spécifié est introuvable. (0x3)
[0117/092120.857:ERROR:directory_reader_win.cc(43)] FindFirstFile: Le chemin d’accès spécifié est introuvable. (0x3)
[0118/094203.461:ERROR:directory_reader_win.cc(43)] FindFirstFile: Le chemin d’accès spécifié est introuvable. (0x3)
[0119/090837.812:ERROR:settings.cc(320)] Settings magic is not 1129342067
[0119/091837.831:ERROR:directory_reader_win.cc(43)] FindFirstFile: Le chemin d’accès spécifié est introuvable. (0x3)
[0119/094233.506:ERROR:directory_reader_win.cc(43)] FindFirstFile: Le chemin d’accès spécifié est introuvable. (0x3)
[0120/092638.723:ERROR:directory_reader_win.cc(43)] FindFirstFile: Le chemin d’accès spécifié est introuvable. (0x3)
[0121/092005.249:ERROR:directory_reader_win.cc(43)] FindFirstFile: Le chemin d’accès spécifié est introuvable. (0x3)
[0121/092005.280:ERROR:filesystem_win.cc(129)] GetFileAttributes C:\Users\pc\AppData\Local\Google\Chrome\User Data\Crashpad\attachments\277298c8-625c-40c4-9ff9-3b9142857ffa: Le chemin d’accès spécifié est introuvable. (0x3)
[0121/092005.280:ERROR:filesystem_win.cc(129)] GetFileAttributes C:\Users\pc\AppData\Local\Google\Chrome\User Data\Crashpad\attachments\129c291a-1f98-4f04-9449-119593609183: Le chemin d’accès spécifié est introuvable. (0x3)
[0121/092005.280:ERROR:filesystem_win.cc(129)] GetFileAttributes C:\Users\pc\AppData\Local\Google\Chrome\User Data\Crashpad\attachments\57bf61d8-f036-42c6-ad72-673694ef5a64: Le chemin d’accès spécifié est introuvable. (0x3)
[0121/092005.280:ERROR:filesystem_win.cc(129)] GetFileAttributes C:\Users\pc\AppData\Local\Google\Chrome\User Data\Crashpad\attachments\666fa921-94fb-4ae4-b083-081f3be671b6: Le chemin d’accès spécifié est introuvable. (0x3)
[0121/092005.280:ERROR:filesystem_win.cc(129)] GetFileAttributes C:\Users\pc\AppData\Local\Google\Chrome\User Data\Crashpad\attachments\5e2e0284-9dc0-486d-ab2a-c03b2651b537: Le chemin d’accès spécifié est introuvable. (0x3)
[0121/092005.296:ERROR:filesystem_win.cc(129)] GetFileAttributes C:\Users\pc\AppData\Local\Google\Chrome\User Data\Crashpad\attachments\8bc830c9-2214-4e66-b07f-a1e1c7cb0693: Le chemin d’accès spécifié est introuvable. (0x3)
[0121/092005.312:ERROR:filesystem_win.cc(129)] GetFileAttributes C:\Users\pc\AppData\Local\Google\Chrome\User Data\Crashpad\attachments\0aacb796-02ff-4f94-b485-8a573494d17a: Le chemin d’accès spécifié est introuvable. (0x3)
[0121/092005.312:ERROR:filesystem_win.cc(129)] GetFileAttributes C:\Users\pc\AppData\Local\Google\Chrome\User Data\Crashpad\attachments\d91c0c09-9206-4904-a54f-534011eb24b5: Le chemin d’accès spécifié est introuvable. (0x3)
[0121/092005.312:ERROR:filesystem_win.cc(129)] GetFileAttributes C:\Users\pc\AppData\Local\Google\Chrome\User Data\Crashpad\attachments\30f788c0-913d-45c8-8732-fde706944a07: Le chemin d’accès spécifié est introuvable. (0x3)
[0121/092005.312:ERROR:filesystem_win.cc(129)] GetFileAttributes C:\Users\pc\AppData\Local\Google\Chrome\User Data\Crashpad\attachments\587239a1-f14d-46ee-a621-614ffaf4593e: Le chemin d’accès spécifié est introuvable. (0x3)
[0121/092005.312:ERROR:filesystem_win.cc(129)] GetFileAttributes C:\Users\pc\AppData\Local\Google\Chrome\User Data\Crashpad\attachments\8b013bc0-d803-4b32-9c85-9cd04d215390: Le chemin d’accès spécifié est introuvable. (0x3)
[0121/092005.312:ERROR:filesystem_win.cc(129)] GetFileAttributes C:\Users\pc\AppData\Local\Google\Chrome\User Data\Crashpad\attachments\e361b154-11ae-473a-b39c-e189a737c65c: Le chemin d’accès spécifié est introuvable. (0x3)
[0121/092005.312:ERROR:filesystem_win.cc(129)] GetFileAttributes C:\Users\pc\AppData\Local\Google\Chrome\User Data\Crashpad\attachments\bdb94bbe-b3ab-4705-8a85-367a0f1016b9: Le chemin d’accès spécifié est introuvable. (0x3)
[0121/092005.312:ERROR:filesystem_win.cc(129)] GetFileAttributes C:\Users\pc\AppData\Local\Google\Chrome\User Data\Crashpad\attachments\a38b790e-e093-4cf4-94cc-0977ae5f3537: Le chemin d’accès spécifié est introuvable. (0x3)
[0121/092005.312:ERROR:filesystem_win.cc(129)] GetFileAttributes C:\Users\pc\AppData\Local\Google\Chrome\User Data\Crashpad\attachments\0be995eb-04c6-496b-9a81-074f386c1c3d: Le chemin d’accès spécifié est introuvable. (0x3)
[0121/092005.312:ERROR:filesystem_win.cc(129)] GetFileAttributes C:\Users\pc\AppData\Local\Google\Chrome\User Data\Crashpad\attachments\50a849b0-14be-4d59-ab20-d42e9d387dde: Le chemin d’accès spécifié est introuvable. (0x3)
[0121/092005.312:ERROR:filesystem_win.cc(129)] GetFileAttributes C:\Users\pc\AppData\Local\Google\Chrome\User Data\Crashpad\attachments\d414d218-b1db-488a-a22a-0025ad40eb9d: Le chemin d’accès spécifié est introuvable. (0x3)
[0121/092005.312:ERROR:filesystem_win.cc(129)] GetFileAttributes C:\Users\pc\AppData\Local\Google\Chrome\User Data\Crashpad\attachments\07d98e9f-a7a4-43f8-a858-b85269250d50: Le chemin d’accès spécifié est introuvable. (0x3)
[0121/092005.327:ERROR:filesystem_win.cc(129)] GetFileAttributes C:\Users\pc\AppData\Local\Google\Chrome\User Data\Crashpad\attachments\6210b03a-ddac-472d-8680-4f9195ffa151: Le chemin d’accès spécifié est introuvable. (0x3)
[0121/092005.327:ERROR:filesystem_win.cc(129)] GetFileAttributes C:\Users\pc\AppData\Local\Google\Chrome\User Data\Crashpad\attachments\9f939dd4-bb86-4f70-8f67-c1f1fd0834d5: Le chemin d’accès spécifié est introuvable. (0x3)
[0124/090925.471:ERROR:directory_reader_win.cc(43)] FindFirstFile: Le chemin d’accès spécifié est introuvable. (0x3)
[0124/090925.539:ERROR:filesystem_win.cc(129)] GetFileAttributes C:\Users\pc\AppData\Local\Google\Chrome\User Data\Crashpad\attachments\5e830631-cdee-4d5e-a1d6-b8cd7cf7ff08: Le chemin d’accès spécifié est introuvable. (0x3)
[0124/090925.547:ERROR:filesystem_win.cc(129)] GetFileAttributes C:\Users\pc\AppData\Local\Google\Chrome\User Data\Crashpad\attachments\666c4b2a-3287-489f-b63d-85221e26f45a: Le chemin d’accès spécifié est introuvable. (0x3)
[0124/090925.548:ERROR:filesystem_win.cc(129)] GetFileAttributes C:\Users\pc\AppData\Local\Google\Chrome\User Data\Crashpad\attachments\8d28841d-0514-4041-9636-2924384bfb9e: Le chemin d’accès spécifié est introuvable. (0x3)
[0124/090925.549:ERROR:filesystem_win.cc(129)] GetFileAttributes C:\Users\pc\AppData\Local\Google\Chrome\User Data\Crashpad\attachments\2efc48df-6628-4a8d-bb8d-a90101dc7173: Le chemin d’accès spécifié est introuvable. (0x3)
